\BOOKMARK [0][-]{chapter*.1}{\376\377\000D\000e\000d\000i\000c\000a\000t\000i\000o\000n}{}% 1
\BOOKMARK [0][-]{chapter*.2}{\376\377\000A\000c\000k\000n\000o\000w\000l\000e\000d\000g\000e\000m\000e\000n\000t}{}% 2
\BOOKMARK [0][-]{chapter*.4}{\376\377\000L\000i\000s\000t\000\040\000o\000f\000\040\000F\000i\000g\000u\000r\000e\000s}{}% 3
\BOOKMARK [0][-]{chapter*.5}{\376\377\000L\000i\000s\000t\000\040\000o\000f\000\040\000T\000a\000b\000l\000e\000s}{}% 4
\BOOKMARK [0][-]{chapter.1}{\376\377\000I\000N\000T\000R\000O\000D\000U\000C\000T\000I\000O\000N}{}% 5
\BOOKMARK [1][-]{section.1.1}{\376\377\000T\000r\000a\000n\000s\000p\000o\000r\000t\000a\000t\000i\000o\000n\000\040\000s\000a\000f\000e\000t\000y}{chapter.1}% 6
\BOOKMARK [1][-]{section.1.2}{\376\377\000T\000r\000u\000c\000k\000\040\000s\000a\000f\000e\000t\000y}{chapter.1}% 7
\BOOKMARK [1][-]{section.1.3}{\376\377\000M\000o\000d\000e\000r\000n\000\040\000t\000r\000u\000c\000k\000\040\000s\000a\000f\000e\000t\000y\000\040\000s\000t\000u\000d\000i\000e\000s}{chapter.1}% 8
\BOOKMARK [1][-]{section.1.4}{\376\377\000P\000r\000o\000p\000o\000s\000a\000l}{chapter.1}% 9
\BOOKMARK [0][-]{chapter.2}{\376\377\000L\000I\000T\000E\000R\000A\000T\000U\000R\000E\000\040\000R\000E\000V\000I\000E\000W}{}% 10
\BOOKMARK [1][-]{section.2.1}{\376\377\000N\000a\000t\000u\000r\000a\000l\000i\000s\000t\000i\000c\000\040\000D\000r\000i\000v\000i\000n\000g\000\040\000S\000t\000u\000d\000i\000e\000s\000\040\000\050\000N\000D\000S\000\051}{chapter.2}% 11
\BOOKMARK [1][-]{section.2.2}{\376\377\000S\000a\000f\000e\000t\000y\000-\000C\000r\000i\000t\000i\000c\000a\000l\000\040\000E\000v\000e\000n\000t\000s\000\040\000\050\000S\000C\000E\000s\000\051}{chapter.2}% 12
\BOOKMARK [1][-]{section.2.3}{\376\377\000C\000r\000a\000s\000h\000e\000s\000\040\000a\000n\000d\000\040\000S\000C\000E\000s}{chapter.2}% 13
\BOOKMARK [1][-]{section.2.4}{\376\377\000R\000i\000s\000k\000\040\000f\000a\000c\000t\000o\000r\000s\000\040\000f\000o\000r\000\040\000t\000r\000a\000f\000f\000i\000c\000\040\000s\000a\000f\000e\000t\000y}{chapter.2}% 14
\BOOKMARK [2][-]{subsection.2.4.1}{\376\377\000F\000a\000t\000i\000g\000u\000e}{section.2.4}% 15
\BOOKMARK [2][-]{subsection.2.4.2}{\376\377\000D\000r\000i\000v\000e\000r\000\040\000c\000h\000a\000r\000a\000c\000t\000e\000r\000i\000s\000t\000i\000c\000s}{section.2.4}% 16
\BOOKMARK [2][-]{subsection.2.4.3}{\376\377\000T\000r\000a\000f\000f\000i\000c}{section.2.4}% 17
\BOOKMARK [2][-]{subsection.2.4.4}{\376\377\000W\000e\000a\000t\000h\000e\000r}{section.2.4}% 18
\BOOKMARK [2][-]{subsection.2.4.5}{\376\377\000R\000o\000a\000d\000\040\000c\000h\000a\000r\000a\000c\000t\000e\000r\000i\000s\000t\000i\000c\000s}{section.2.4}% 19
\BOOKMARK [1][-]{section.2.5}{\376\377\000P\000r\000e\000d\000i\000c\000t\000i\000v\000e\000\040\000m\000o\000d\000e\000l\000s}{chapter.2}% 20
\BOOKMARK [2][-]{subsection.2.5.1}{\376\377\000O\000v\000e\000r\000v\000i\000e\000w}{section.2.5}% 21
\BOOKMARK [2][-]{subsection.2.5.2}{\376\377\000B\000a\000y\000e\000s\000i\000a\000n\000\040\000m\000o\000d\000e\000l\000s}{section.2.5}% 22
\BOOKMARK [2][-]{subsection.2.5.3}{\376\377\000H\000i\000e\000r\000a\000r\000c\000h\000i\000c\000a\000l\000\040\000m\000o\000d\000e\000l\000s}{section.2.5}% 23
\BOOKMARK [2][-]{subsection.2.5.4}{\376\377\000M\000a\000r\000k\000o\000v\000\040\000c\000h\000a\000i\000n\000\040\000M\000o\000n\000t\000e\000\040\000C\000a\000r\000l\000o\000\040\000\050\000M\000C\000M\000C\000\051}{section.2.5}% 24
\BOOKMARK [1][-]{section.2.6}{\376\377\000S\000c\000a\000l\000a\000b\000l\000e\000\040\000B\000a\000y\000e\000s\000i\000a\000n\000\040\000m\000o\000d\000e\000l\000s}{chapter.2}% 25
\BOOKMARK [2][-]{subsection.2.6.1}{\376\377\000H\000a\000m\000i\000l\000t\000o\000n\000i\000a\000n\000\040\000M\000o\000n\000t\000e\000\040\000C\000a\000r\000l\000o\000\040\000\050\000H\000M\000C\000\051}{section.2.6}% 26
\BOOKMARK [2][-]{subsection.2.6.2}{\376\377\000S\000u\000b\000s\000a\000m\000p\000l\000i\000n\000g\000\040\000M\000C\000M\000C}{section.2.6}% 27
\BOOKMARK [1][-]{section.2.7}{\376\377\000C\000o\000n\000c\000e\000p\000t\000u\000a\000l\000\040\000f\000r\000a\000m\000e\000w\000o\000r\000k}{chapter.2}% 28
\BOOKMARK [0][-]{chapter.3}{\376\377\000R\000E\000S\000E\000A\000R\000C\000H\000\040\000A\000I\000M\000S}{}% 29
\BOOKMARK [0][-]{chapter.4}{\376\377\000M\000E\000T\000H\000O\000D\000S}{}% 30
\BOOKMARK [1][-]{section.4.1}{\376\377\000D\000a\000t\000a\000\040\000s\000o\000u\000r\000c\000e\000s}{chapter.4}% 31
\BOOKMARK [2][-]{subsection.4.1.1}{\376\377\000R\000e\000a\000l\000-\000t\000i\000m\000e\000\040\000p\000i\000n\000g}{section.4.1}% 32
\BOOKMARK [2][-]{subsection.4.1.2}{\376\377\000T\000r\000u\000c\000k\000\040\000c\000r\000a\000s\000h\000e\000s\000\040\000a\000n\000d\000\040\000S\000C\000E\000s}{section.4.1}% 33
\BOOKMARK [2][-]{subsection.4.1.3}{\376\377\000D\000r\000i\000v\000e\000r\000\040\000d\000e\000m\000o\000g\000r\000a\000p\000h\000i\000c\000s}{section.4.1}% 34
\BOOKMARK [2][-]{subsection.4.1.4}{\376\377\000W\000e\000a\000t\000h\000e\000r\000\040\000d\000a\000t\000a\000\040\000f\000r\000o\000m\000\040\000t\000h\000e\000\040\000D\000a\000r\000k\000\040\000S\000k\000y\000\040\000A\000P\000I}{section.4.1}% 35
\BOOKMARK [2][-]{subsection.4.1.5}{\376\377\000R\000o\000a\000d\000\040\000g\000e\000o\000m\000e\000t\000r\000y\000\040\000d\000a\000t\000a\000\040\000f\000r\000o\000m\000\040\000t\000h\000e\000\040\000O\000p\000e\000n\000S\000t\000r\000e\000e\000t\000M\000a\000p}{section.4.1}% 36
\BOOKMARK [1][-]{section.4.2}{\376\377\000D\000a\000t\000a\000\040\000a\000g\000g\000r\000e\000g\000a\000t\000i\000o\000n}{chapter.4}% 37
\BOOKMARK [2][-]{subsection.4.2.1}{\376\377\000T\000r\000i\000p\000s}{section.4.2}% 38
\BOOKMARK [2][-]{subsection.4.2.2}{\376\377\0003\0000\000-\000m\000i\000n\000u\000t\000e\000\040\000i\000n\000t\000e\000r\000v\000a\000l\000s}{section.4.2}% 39
\BOOKMARK [2][-]{subsection.4.2.3}{\376\377\000S\000h\000i\000f\000t\000s}{section.4.2}% 40
\BOOKMARK [1][-]{section.4.3}{\376\377\000D\000a\000t\000a\000\040\000m\000e\000r\000g\000i\000n\000g}{chapter.4}% 41
\BOOKMARK [1][-]{section.4.4}{\376\377\000A\000n\000a\000l\000y\000t\000i\000c\000a\000l\000\040\000P\000l\000a\000n\000\040\000f\000o\000r\000\040\000A\000i\000m\000\040\0001}{chapter.4}% 42
\BOOKMARK [1][-]{section.4.5}{\376\377\000A\000n\000a\000l\000y\000t\000i\000c\000a\000l\000\040\000P\000l\000a\000n\000\040\000f\000o\000r\000\040\000A\000i\000m\000\040\0002}{chapter.4}% 43
\BOOKMARK [2][-]{subsection.4.5.1}{\376\377\000B\000a\000y\000e\000s\000i\000a\000n\000\040\000h\000i\000e\000r\000a\000r\000c\000h\000i\000c\000a\000l\000\040\000l\000o\000g\000i\000s\000t\000i\000c\000\040\000r\000e\000g\000r\000e\000s\000s\000i\000o\000n}{section.4.5}% 44
\BOOKMARK [2][-]{subsection.4.5.2}{\376\377\000B\000a\000y\000e\000s\000i\000a\000n\000\040\000h\000i\000e\000r\000a\000r\000c\000h\000i\000c\000a\000l\000\040\000P\000o\000i\000s\000s\000o\000n\000\040\000r\000e\000g\000r\000e\000s\000s\000i\000o\000n}{section.4.5}% 45
\BOOKMARK [2][-]{subsection.4.5.3}{\376\377\000N\000o\000n\000-\000h\000o\000m\000o\000g\000e\000n\000e\000o\000u\000s\000\040\000P\000o\000i\000s\000s\000o\000n\000\040\000p\000r\000o\000c\000e\000s\000s\000\040\000\050\000N\000H\000P\000P\000\051}{section.4.5}% 46
\BOOKMARK [1][-]{section.4.6}{\376\377\000A\000n\000a\000l\000y\000t\000i\000c\000a\000l\000\040\000P\000l\000a\000n\000\040\000f\000o\000r\000\040\000A\000i\000m\000\040\0003}{chapter.4}% 47
\BOOKMARK [2][-]{subsection.4.6.1}{\376\377\000J\000u\000m\000p\000-\000p\000o\000i\000n\000t\000\040\000P\000L\000P}{section.4.6}% 48
\BOOKMARK [2][-]{subsection.4.6.2}{\376\377\000M\000o\000d\000u\000l\000a\000t\000e\000\040\000P\000L\000P}{section.4.6}% 49
\BOOKMARK [0][-]{chapter.5}{\376\377\000T\000H\000E\000\040\000P\000R\000O\000B\000A\000B\000L\000E\000\040\000C\000O\000N\000T\000E\000N\000T}{}% 50
\BOOKMARK [0][-]{chapter*.6}{\376\377\000A\000P\000P\000E\000N\000D\000I\000X}{}% 51
\BOOKMARK [1][-]{section*.7}{\376\377\000Q\000u\000e\000r\000y\000\040\000w\000e\000a\000t\000h\000e\000r\000\040\000d\000a\000t\000a}{chapter*.6}% 52
\BOOKMARK [1][-]{section*.7}{\376\377\000Q\000u\000e\000r\000y\000\040\000r\000o\000a\000d\000\040\000g\000e\000o\000m\000e\000t\000r\000y\000\040\000d\000a\000t\000a}{chapter*.6}% 53
\BOOKMARK [0][-]{chapter*.8}{\376\377\000B\000i\000b\000l\000i\000o\000g\000r\000a\000p\000h\000y}{}% 54
\BOOKMARK [0][-]{chapter*.9}{\376\377\000V\000i\000t\000a\000\040\000A\000u\000c\000t\000o\000r\000i\000s}{}% 55
