\BOOKMARK [0][-]{chapter*.1}{Dedication}{}% 1
\BOOKMARK [0][-]{chapter*.2}{Acknowledgement}{}% 2
\BOOKMARK [0][-]{chapter*.4}{List\040of\040Figures}{}% 3
\BOOKMARK [0][-]{chapter*.5}{List\040of\040Tables}{}% 4
\BOOKMARK [0][-]{chapter.1}{INTRODUCTION}{}% 5
\BOOKMARK [1][-]{section.1.1}{Traffic\040safety}{chapter.1}% 6
\BOOKMARK [1][-]{section.1.2}{Truck\040driver}{chapter.1}% 7
\BOOKMARK [1][-]{section.1.3}{Crashes\040and\040critical\040events}{chapter.1}% 8
\BOOKMARK [0][-]{chapter.2}{LITERATURE\040REVIEW}{}% 9
\BOOKMARK [1][-]{section.2.1}{Precursors\040to\040crashes}{chapter.2}% 10
\BOOKMARK [1][-]{section.2.2}{Risk\040factors}{chapter.2}% 11
\BOOKMARK [2][-]{subsection.2.2.1}{Fatigue}{section.2.2}% 12
\BOOKMARK [2][-]{subsection.2.2.2}{Driver\040characteristics}{section.2.2}% 13
\BOOKMARK [2][-]{subsection.2.2.3}{Traffic}{section.2.2}% 14
\BOOKMARK [2][-]{subsection.2.2.4}{Weather}{section.2.2}% 15
\BOOKMARK [1][-]{section.2.3}{Hierarchical\040models}{chapter.2}% 16
\BOOKMARK [1][-]{section.2.4}{Bayesian\040models}{chapter.2}% 17
\BOOKMARK [1][-]{section.2.5}{Conceptual\040framework}{chapter.2}% 18
\BOOKMARK [1][-]{section.2.6}{Gaps\040in\040literature}{chapter.2}% 19
\BOOKMARK [1][-]{section.2.7}{Research\040aims}{chapter.2}% 20
\BOOKMARK [0][-]{chapter.3}{METHODS}{}% 21
\BOOKMARK [1][-]{section.3.1}{Data\040source}{chapter.3}% 22
\BOOKMARK [1][-]{section.3.2}{Study\040design}{chapter.3}% 23
\BOOKMARK [1][-]{section.3.3}{Analytical\040Plan\040for\040Aim\0401}{chapter.3}% 24
\BOOKMARK [1][-]{section.3.4}{Analytical\040Plan\040for\040Aim\0402}{chapter.3}% 25
\BOOKMARK [1][-]{section.3.5}{Analytical\040Plan\040for\040Aim\0403}{chapter.3}% 26
\BOOKMARK [0][-]{chapter.4}{AIM\0401}{}% 27
\BOOKMARK [0][-]{chapter.5}{AIM\0402}{}% 28
\BOOKMARK [0][-]{chapter.6}{AIM\0403}{}% 29
\BOOKMARK [0][-]{chapter.7}{DISCUSSION}{}% 30
\BOOKMARK [0][-]{appendix.A}{This\040is\040one}{}% 31
\BOOKMARK [0][-]{appendix.B}{This\040is\040two}{}% 32
\BOOKMARK [0][-]{appendix.C}{References}{}% 33
